[INFO  - 2017-09-12T13:06:51.290Z] GhostDriver - Main - running on port 60286
[INFO  - 2017-09-12T13:06:51.511Z] Session [3e1e6f70-97bb-11e7-857e-5fc2a47c4eb3] - page.settings - {"XSSAuditingEnabled":false,"javascriptCanCloseWindows":true,"javascriptCanOpenWindows":true,"javascriptEnabled":true,"loadImages":true,"localToRemoteUrlAccessEnabled":false,"userAgent":"Mozilla/5.0 (Unknown; Linux x86_64) AppleWebKit/538.1 (KHTML, like Gecko) PhantomJS/2.1.1 Safari/538.1","webSecurityEnabled":true}
[INFO  - 2017-09-12T13:06:51.512Z] Session [3e1e6f70-97bb-11e7-857e-5fc2a47c4eb3] - page.customHeaders:  - {}
[INFO  - 2017-09-12T13:06:51.512Z] Session [3e1e6f70-97bb-11e7-857e-5fc2a47c4eb3] - Session.negotiatedCapabilities - {"browserName":"phantomjs","version":"2.1.1","driverName":"ghostdriver","driverVersion":"1.2.0","platform":"linux-unknown-64bit","javascriptEnabled":true,"takesScreenshot":true,"handlesAlerts":false,"databaseEnabled":false,"locationContextEnabled":false,"applicationCacheEnabled":false,"browserConnectionEnabled":false,"cssSelectorsEnabled":true,"webStorageEnabled":false,"rotatable":false,"acceptSslCerts":false,"nativeEvents":true,"proxy":{"proxyType":"direct"}}
[INFO  - 2017-09-12T13:06:51.512Z] SessionManagerReqHand - _postNewSessionCommand - New Session Created: 3e1e6f70-97bb-11e7-857e-5fc2a47c4eb3
[ERROR - 2017-09-12T13:06:59.178Z] Session [3e1e6f70-97bb-11e7-857e-5fc2a47c4eb3] - page.onError - msg: ReferenceError: Can't find variable: ue

  phantomjs://platform/console++.js:263 in error
[ERROR - 2017-09-12T13:06:59.179Z] Session [3e1e6f70-97bb-11e7-857e-5fc2a47c4eb3] - page.onError - stack:
  (anonymous function) (https://images-na.ssl-images-amazon.com/images/I/8136DiZUF9L.js?AUIClients/GoldboxMobileAssets:86)
  (anonymous function) (https://images-na.ssl-images-amazon.com/images/I/8136DiZUF9L.js?AUIClients/GoldboxMobileAssets:22)
  registerWidget (https://images-na.ssl-images-amazon.com/images/I/8136DiZUF9L.js?AUIClients/GoldboxMobileAssets:550)
  (anonymous function) (https://www.amazon.com/gp/goldbox/ref=nav_cs_gb:10666)
  execute (https://images-na.ssl-images-amazon.com/images/I/8136DiZUF9L.js?AUIClients/GoldboxMobileAssets:35)
  (anonymous function) (https://www.amazon.com/gp/goldbox/ref=nav_cs_gb:10664)
  l (https://www.amazon.com/gp/goldbox/ref=nav_cs_gb:64)
  (anonymous function) (https://www.amazon.com/gp/goldbox/ref=nav_cs_gb:65)
  U (https://www.amazon.com/gp/goldbox/ref=nav_cs_gb:68)

  phantomjs://platform/console++.js:263 in error
[ERROR - 2017-09-12T13:07:00.331Z] Session [3e1e6f70-97bb-11e7-857e-5fc2a47c4eb3] - page.onError - msg: ReferenceError: Can't find variable: ue

  phantomjs://platform/console++.js:263 in error
[ERROR - 2017-09-12T13:07:00.340Z] Session [3e1e6f70-97bb-11e7-857e-5fc2a47c4eb3] - page.onError - stack:
  _recordAPIMetrics (https://images-na.ssl-images-amazon.com/images/I/8136DiZUF9L.js?AUIClients/GoldboxMobileAssets:526)
  success (https://images-na.ssl-images-amazon.com/images/I/8136DiZUF9L.js?AUIClients/GoldboxMobileAssets:507)
  resolveWith (https://images-na.ssl-images-amazon.com/images/I/61tHvuwljLL._RC%7C11IYhapguOL.js,61InPiQlhxL.js,011cXe9tEtL.js,012FVc3131L.js,31zTBKRlobL.js,31Qll8kfk9L.js,51cSfLF4N7L.js,11+vNCgC1cL.js,01xMsWWFUQL.js,11KkQiUpBPL.js,113pP0Sfh0L.js,21auxuI+dRL.js,01PoLXBDXWL.js,61Xfz1hXLeL.js,01BBu+b9t0L.js,01rpauTep4L.js,01yEASXlqcL.js_.js?AUIClients/AmazonUI:47)
  d (https://images-na.ssl-images-amazon.com/images/I/61tHvuwljLL._RC%7C11IYhapguOL.js,61InPiQlhxL.js,011cXe9tEtL.js,012FVc3131L.js,31zTBKRlobL.js,31Qll8kfk9L.js,51cSfLF4N7L.js,11+vNCgC1cL.js,01xMsWWFUQL.js,11KkQiUpBPL.js,113pP0Sfh0L.js,21auxuI+dRL.js,01PoLXBDXWL.js,61Xfz1hXLeL.js,01BBu+b9t0L.js,01rpauTep4L.js,01yEASXlqcL.js_.js?AUIClients/AmazonUI:163)
  b (https://images-na.ssl-images-amazon.com/images/I/61tHvuwljLL._RC%7C11IYhapguOL.js,61InPiQlhxL.js,011cXe9tEtL.js,012FVc3131L.js,31zTBKRlobL.js,31Qll8kfk9L.js,51cSfLF4N7L.js,11+vNCgC1cL.js,01xMsWWFUQL.js,11KkQiUpBPL.js,113pP0Sfh0L.js,21auxuI+dRL.js,01PoLXBDXWL.js,61Xfz1hXLeL.js,01BBu+b9t0L.js,01rpauTep4L.js,01yEASXlqcL.js_.js?AUIClients/AmazonUI:175)

  phantomjs://platform/console++.js:263 in error
[ERROR - 2017-09-12T13:07:00.812Z] Session [3e1e6f70-97bb-11e7-857e-5fc2a47c4eb3] - page.onError - msg: ReferenceError: Can't find variable: ue

  phantomjs://platform/console++.js:263 in error
[ERROR - 2017-09-12T13:07:00.816Z] Session [3e1e6f70-97bb-11e7-857e-5fc2a47c4eb3] - page.onError - stack:
  _recordAPIMetrics (https://images-na.ssl-images-amazon.com/images/I/8136DiZUF9L.js?AUIClients/GoldboxMobileAssets:526)
  success (https://images-na.ssl-images-amazon.com/images/I/8136DiZUF9L.js?AUIClients/GoldboxMobileAssets:507)
  resolveWith (https://images-na.ssl-images-amazon.com/images/I/61tHvuwljLL._RC%7C11IYhapguOL.js,61InPiQlhxL.js,011cXe9tEtL.js,012FVc3131L.js,31zTBKRlobL.js,31Qll8kfk9L.js,51cSfLF4N7L.js,11+vNCgC1cL.js,01xMsWWFUQL.js,11KkQiUpBPL.js,113pP0Sfh0L.js,21auxuI+dRL.js,01PoLXBDXWL.js,61Xfz1hXLeL.js,01BBu+b9t0L.js,01rpauTep4L.js,01yEASXlqcL.js_.js?AUIClients/AmazonUI:47)
  d (https://images-na.ssl-images-amazon.com/images/I/61tHvuwljLL._RC%7C11IYhapguOL.js,61InPiQlhxL.js,011cXe9tEtL.js,012FVc3131L.js,31zTBKRlobL.js,31Qll8kfk9L.js,51cSfLF4N7L.js,11+vNCgC1cL.js,01xMsWWFUQL.js,11KkQiUpBPL.js,113pP0Sfh0L.js,21auxuI+dRL.js,01PoLXBDXWL.js,61Xfz1hXLeL.js,01BBu+b9t0L.js,01rpauTep4L.js,01yEASXlqcL.js_.js?AUIClients/AmazonUI:163)
  b (https://images-na.ssl-images-amazon.com/images/I/61tHvuwljLL._RC%7C11IYhapguOL.js,61InPiQlhxL.js,011cXe9tEtL.js,012FVc3131L.js,31zTBKRlobL.js,31Qll8kfk9L.js,51cSfLF4N7L.js,11+vNCgC1cL.js,01xMsWWFUQL.js,11KkQiUpBPL.js,113pP0Sfh0L.js,21auxuI+dRL.js,01PoLXBDXWL.js,61Xfz1hXLeL.js,01BBu+b9t0L.js,01rpauTep4L.js,01yEASXlqcL.js_.js?AUIClients/AmazonUI:175)

  phantomjs://platform/console++.js:263 in error
[ERROR - 2017-09-12T13:07:00.836Z] Session [3e1e6f70-97bb-11e7-857e-5fc2a47c4eb3] - page.onError - msg: ReferenceError: Can't find variable: ue

  phantomjs://platform/console++.js:263 in error
[ERROR - 2017-09-12T13:07:00.837Z] Session [3e1e6f70-97bb-11e7-857e-5fc2a47c4eb3] - page.onError - stack:
  _recordAPIMetrics (https://images-na.ssl-images-amazon.com/images/I/8136DiZUF9L.js?AUIClients/GoldboxMobileAssets:526)
  success (https://images-na.ssl-images-amazon.com/images/I/8136DiZUF9L.js?AUIClients/GoldboxMobileAssets:507)
  resolveWith (https://images-na.ssl-images-amazon.com/images/I/61tHvuwljLL._RC%7C11IYhapguOL.js,61InPiQlhxL.js,011cXe9tEtL.js,012FVc3131L.js,31zTBKRlobL.js,31Qll8kfk9L.js,51cSfLF4N7L.js,11+vNCgC1cL.js,01xMsWWFUQL.js,11KkQiUpBPL.js,113pP0Sfh0L.js,21auxuI+dRL.js,01PoLXBDXWL.js,61Xfz1hXLeL.js,01BBu+b9t0L.js,01rpauTep4L.js,01yEASXlqcL.js_.js?AUIClients/AmazonUI:47)
  d (https://images-na.ssl-images-amazon.com/images/I/61tHvuwljLL._RC%7C11IYhapguOL.js,61InPiQlhxL.js,011cXe9tEtL.js,012FVc3131L.js,31zTBKRlobL.js,31Qll8kfk9L.js,51cSfLF4N7L.js,11+vNCgC1cL.js,01xMsWWFUQL.js,11KkQiUpBPL.js,113pP0Sfh0L.js,21auxuI+dRL.js,01PoLXBDXWL.js,61Xfz1hXLeL.js,01BBu+b9t0L.js,01rpauTep4L.js,01yEASXlqcL.js_.js?AUIClients/AmazonUI:163)
  b (https://images-na.ssl-images-amazon.com/images/I/61tHvuwljLL._RC%7C11IYhapguOL.js,61InPiQlhxL.js,011cXe9tEtL.js,012FVc3131L.js,31zTBKRlobL.js,31Qll8kfk9L.js,51cSfLF4N7L.js,11+vNCgC1cL.js,01xMsWWFUQL.js,11KkQiUpBPL.js,113pP0Sfh0L.js,21auxuI+dRL.js,01PoLXBDXWL.js,61Xfz1hXLeL.js,01BBu+b9t0L.js,01rpauTep4L.js,01yEASXlqcL.js_.js?AUIClients/AmazonUI:175)

  phantomjs://platform/console++.js:263 in error
[ERROR - 2017-09-12T13:07:01.262Z] Session [3e1e6f70-97bb-11e7-857e-5fc2a47c4eb3] - page.onError - msg: ReferenceError: Can't find variable: ue

  phantomjs://platform/console++.js:263 in error
[ERROR - 2017-09-12T13:07:01.271Z] Session [3e1e6f70-97bb-11e7-857e-5fc2a47c4eb3] - page.onError - stack:
  _recordAPIMetrics (https://images-na.ssl-images-amazon.com/images/I/8136DiZUF9L.js?AUIClients/GoldboxMobileAssets:526)
  success (https://images-na.ssl-images-amazon.com/images/I/8136DiZUF9L.js?AUIClients/GoldboxMobileAssets:507)
  resolveWith (https://images-na.ssl-images-amazon.com/images/I/61tHvuwljLL._RC%7C11IYhapguOL.js,61InPiQlhxL.js,011cXe9tEtL.js,012FVc3131L.js,31zTBKRlobL.js,31Qll8kfk9L.js,51cSfLF4N7L.js,11+vNCgC1cL.js,01xMsWWFUQL.js,11KkQiUpBPL.js,113pP0Sfh0L.js,21auxuI+dRL.js,01PoLXBDXWL.js,61Xfz1hXLeL.js,01BBu+b9t0L.js,01rpauTep4L.js,01yEASXlqcL.js_.js?AUIClients/AmazonUI:47)
  d (https://images-na.ssl-images-amazon.com/images/I/61tHvuwljLL._RC%7C11IYhapguOL.js,61InPiQlhxL.js,011cXe9tEtL.js,012FVc3131L.js,31zTBKRlobL.js,31Qll8kfk9L.js,51cSfLF4N7L.js,11+vNCgC1cL.js,01xMsWWFUQL.js,11KkQiUpBPL.js,113pP0Sfh0L.js,21auxuI+dRL.js,01PoLXBDXWL.js,61Xfz1hXLeL.js,01BBu+b9t0L.js,01rpauTep4L.js,01yEASXlqcL.js_.js?AUIClients/AmazonUI:163)
  b (https://images-na.ssl-images-amazon.com/images/I/61tHvuwljLL._RC%7C11IYhapguOL.js,61InPiQlhxL.js,011cXe9tEtL.js,012FVc3131L.js,31zTBKRlobL.js,31Qll8kfk9L.js,51cSfLF4N7L.js,11+vNCgC1cL.js,01xMsWWFUQL.js,11KkQiUpBPL.js,113pP0Sfh0L.js,21auxuI+dRL.js,01PoLXBDXWL.js,61Xfz1hXLeL.js,01BBu+b9t0L.js,01rpauTep4L.js,01yEASXlqcL.js_.js?AUIClients/AmazonUI:175)

  phantomjs://platform/console++.js:263 in error
[ERROR - 2017-09-12T13:07:02.242Z] Session [3e1e6f70-97bb-11e7-857e-5fc2a47c4eb3] - page.onError - msg: ReferenceError: Can't find variable: ue

  phantomjs://platform/console++.js:263 in error
[ERROR - 2017-09-12T13:07:02.293Z] Session [3e1e6f70-97bb-11e7-857e-5fc2a47c4eb3] - page.onError - stack:
  _recordAPIMetrics (https://images-na.ssl-images-amazon.com/images/I/8136DiZUF9L.js?AUIClients/GoldboxMobileAssets:526)
  success (https://images-na.ssl-images-amazon.com/images/I/8136DiZUF9L.js?AUIClients/GoldboxMobileAssets:507)
  resolveWith (https://images-na.ssl-images-amazon.com/images/I/61tHvuwljLL._RC%7C11IYhapguOL.js,61InPiQlhxL.js,011cXe9tEtL.js,012FVc3131L.js,31zTBKRlobL.js,31Qll8kfk9L.js,51cSfLF4N7L.js,11+vNCgC1cL.js,01xMsWWFUQL.js,11KkQiUpBPL.js,113pP0Sfh0L.js,21auxuI+dRL.js,01PoLXBDXWL.js,61Xfz1hXLeL.js,01BBu+b9t0L.js,01rpauTep4L.js,01yEASXlqcL.js_.js?AUIClients/AmazonUI:47)
  d (https://images-na.ssl-images-amazon.com/images/I/61tHvuwljLL._RC%7C11IYhapguOL.js,61InPiQlhxL.js,011cXe9tEtL.js,012FVc3131L.js,31zTBKRlobL.js,31Qll8kfk9L.js,51cSfLF4N7L.js,11+vNCgC1cL.js,01xMsWWFUQL.js,11KkQiUpBPL.js,113pP0Sfh0L.js,21auxuI+dRL.js,01PoLXBDXWL.js,61Xfz1hXLeL.js,01BBu+b9t0L.js,01rpauTep4L.js,01yEASXlqcL.js_.js?AUIClients/AmazonUI:163)
  b (https://images-na.ssl-images-amazon.com/images/I/61tHvuwljLL._RC%7C11IYhapguOL.js,61InPiQlhxL.js,011cXe9tEtL.js,012FVc3131L.js,31zTBKRlobL.js,31Qll8kfk9L.js,51cSfLF4N7L.js,11+vNCgC1cL.js,01xMsWWFUQL.js,11KkQiUpBPL.js,113pP0Sfh0L.js,21auxuI+dRL.js,01PoLXBDXWL.js,61Xfz1hXLeL.js,01BBu+b9t0L.js,01rpauTep4L.js,01yEASXlqcL.js_.js?AUIClients/AmazonUI:175)

  phantomjs://platform/console++.js:263 in error
[INFO  - 2017-09-12T13:11:51.199Z] SessionManagerReqHand - _cleanupWindowlessSessions - Asynchronous Sessions clean-up phase starting NOW
[ERROR - 2017-09-12T13:11:57.898Z] Session [3e1e6f70-97bb-11e7-857e-5fc2a47c4eb3] - page.onError - msg: TypeError: undefined is not an object (evaluating 'c.slotName')

  phantomjs://platform/console++.js:263 in error
[ERROR - 2017-09-12T13:11:57.899Z] Session [3e1e6f70-97bb-11e7-857e-5fc2a47c4eb3] - page.onError - stack:
  getImpressionRef (https://images-na.ssl-images-amazon.com/images/I/8136DiZUF9L.js?AUIClients/GoldboxMobileAssets:166)
  (anonymous function) (https://images-na.ssl-images-amazon.com/images/I/8136DiZUF9L.js?AUIClients/GoldboxMobileAssets:163)
  forEach (https://images-na.ssl-images-amazon.com/images/I/8136DiZUF9L.js?AUIClients/GoldboxMobileAssets:7)
  reportImpression (https://images-na.ssl-images-amazon.com/images/I/8136DiZUF9L.js?AUIClients/GoldboxMobileAssets:163)
  (anonymous function) (https://images-na.ssl-images-amazon.com/images/I/8136DiZUF9L.js?AUIClients/GoldboxMobileAssets:162)

  phantomjs://platform/console++.js:263 in error
